<?xml version="1.0" encoding="UTF-8"?>
<!-- Generated by org.testng.reporters.JUnitReportReporter -->
<testsuite hostname="BSL-BNG-L103" failures="0" tests="1" name="com.kem.resource.PreProperties" time="0.019" errors="0" timestamp="8 Feb 2018 08:06:51 GMT">
  <testcase classname="com.kem.resource.PreProperties" name="testConfig" time="0.019"/>
</testsuite>
